Arguments: 
  /Users/benjunya/.nvm/versions/node/v9.6.1/bin/node /usr/local/Cellar/yarn/1.5.1_1/libexec/bin/yarn.js dev

PATH: 
  /Users/benjunya/.rvm/gems/ruby-2.1.9/bin:/Users/benjunya/.rvm/gems/ruby-2.1.9@global/bin:/Users/benjunya/.rvm/rubies/ruby-2.1.9/bin:/Users/benjunya/.yarn/bin:/Users/benjunya/bin:/Users/benjunya/.nvm/versions/node/v9.6.1/bin:/Users/benjunya/.rbenv/shims:/Users/benjunya/.rbenv/bin:/usr/local/bin:/usr/bin:/bin:/usr/sbin:/sbin:/usr/local/go/bin:/usr/local/MacGPG2/bin:/Users/benjunya/bin:/Users/benjunya/.rvm/bin

Yarn version: 
  1.5.1

Node version: 
  9.6.1

Platform: 
  darwin x64

npm manifest: 
  {
    "name": "mrbenj-site",
    "version": "1.0.0",
    "description": "My Graphcool Service"
  }

yarn manifest: 
  No manifest

Lockfile: 
  No lockfile

Trace: 
  Error: Command "dev" not found.
      at new MessageError (/usr/local/Cellar/yarn/1.5.1_1/libexec/lib/cli.js:186:110)
      at /usr/local/Cellar/yarn/1.5.1_1/libexec/lib/cli.js:87307:17
      at Generator.next (<anonymous>)
      at step (/usr/local/Cellar/yarn/1.5.1_1/libexec/lib/cli.js:98:30)
      at /usr/local/Cellar/yarn/1.5.1_1/libexec/lib/cli.js:116:14
      at new Promise (<anonymous>)
      at new F (/usr/local/Cellar/yarn/1.5.1_1/libexec/lib/cli.js:23451:28)
      at /usr/local/Cellar/yarn/1.5.1_1/libexec/lib/cli.js:95:12
      at runCommand (/usr/local/Cellar/yarn/1.5.1_1/libexec/lib/cli.js:87312:22)
      at Object.<anonymous> (/usr/local/Cellar/yarn/1.5.1_1/libexec/lib/cli.js:87412:14)
